Arguments: 
  C:\Program Files\nodejs\node.exe C:\Users\adams\AppData\Roaming\npm\node_modules\yarn\bin\yarn.js

PATH: 
  C:\Users\adams\bin;C:\Program Files\Git\mingw64\bin;C:\Program Files\Git\usr\local\bin;C:\Program Files\Git\usr\bin;C:\Program Files\Git\usr\bin;C:\Program Files\Git\mingw64\bin;C:\Program Files\Git\usr\bin;C:\Users\adams\bin;C:\Program Files (x86)\NVIDIA Corporation\PhysX\Common;C:\Program Files (x86)\Common Files\Oracle\Java\javapath;C:\Program Files (x86)\Eclipse Adoptium\jdk-8.0.312.7-hotspot\bin;C:\Program Files (x86)\Eclipse Adoptium\jre-8.0.312.7-hotspot\bin;C:\WINDOWS\system32;C:\WINDOWS;C:\WINDOWS\System32\Wbem;C:\WINDOWS\System32\WindowsPowerShell\v1.0;C:\WINDOWS\System32\OpenSSH;C:\Program Files\Microsoft VS Code\bin;C:\Program Files (x86)\dotnet;C:\Program Files\dotnet;C:\Program Files\Git\cmd;C:\Program Files\nodejs;C:\Program Files\NVIDIA Corporation\NVIDIA NvDLISR;C:\Users\adams\AppData\Local\Microsoft\WindowsApps;C:\Users\adams\AppData\Roaming\npm;C:\Program Files\vtex\bin;C:\Program Files\Git\usr\bin\vendor_perl;C:\Program Files\Git\usr\bin\core_perl

Yarn version: 
  1.22.19

Node version: 
  16.15.1

Platform: 
  win32 x64

Trace: 
  SyntaxError: C:\Users\adams\Desktop\final-challenge-hc-main\react\package.json: Unexpected token : in JSON at position 14
      at JSON.parse (<anonymous>)
      at C:\Users\adams\AppData\Roaming\npm\node_modules\yarn\lib\cli.js:1629:59
      at Generator.next (<anonymous>)
      at step (C:\Users\adams\AppData\Roaming\npm\node_modules\yarn\lib\cli.js:310:30)
      at C:\Users\adams\AppData\Roaming\npm\node_modules\yarn\lib\cli.js:321:13

npm manifest: 
  "dependencies": {
    "@types/node": "^18.6.4",
    "@vtex/css-handles": "^1.0.0",
    "@vtex/order-items": "^0.6.6",
    "classnames": "^2.2.6",
    "react": "^18.2.0"
  },
  "devDependencies": {
    "@types/classnames": "^2.2.7",
    "@types/node": "^18.6.4",
    "@types/prop-types": "^15.7.0",
    "@types/react": "^16.9.31",
    "@vtex/tsconfig": "^0.4.4",
    "typescript": "3.9.7",
    "@types/react-intl": "^2.3.17",
    "apollo-client": "^2.4.7",
    "graphql": "^14.0.2",
    "prop-types": "^15.7.2",
    "react": "^16.8.6",
    "react-dom": "^16.8.6",
    "react-intl": "^2.7.2",
      "atmosphere.scrat": "https://adams5--atmosphere.myvtex.com/_v/private/typings/linked/v1/atmosphere.scrat@0.0.2+build1659975684/public/_types/react",
      "atmosphere.tendencies": "http://atmosphere.vtexassets.com/_v/public/typings/v1/atmosphere.tendencies@0.0.1/public/@types/atmosphere.tendencies",
      "vtex.add-to-cart-button": "http://vtex.vtexassets.com/_v/public/typings/v1/vtex.add-to-cart-button@0.28.0/public/@types/vtex.add-to-cart-button",
      "vtex.breadcrumb": "http://vtex.vtexassets.com/_v/public/typings/v1/vtex.breadcrumb@1.9.4/public/@types/vtex.breadcrumb",
      "vtex.carousel": "http://vtex.vtexassets.com/_v/public/typings/v1/vtex.carousel@2.12.1/public/@types/vtex.carousel",
      "vtex.checkout-summary": "http://vtex.vtexassets.com/_v/public/typings/v1/vtex.checkout-summary@0.21.0/public/@types/vtex.checkout-summary",
      "vtex.condition-layout": "http://vtex.vtexassets.com/_v/public/typings/v1/vtex.condition-layout@2.6.0/public/@types/vtex.condition-layout",
      "vtex.css-handles": "http://vtex.vtexassets.com/_v/public/typings/v1/vtex.css-handles@1.0.0/public/@types/vtex.css-handles",
      "vtex.disclosure-layout": "http://vtex.vtexassets.com/_v/public/typings/v1/vtex.disclosure-layout@1.0.3/public/@types/vtex.disclosure-layout",
      "vtex.flex-layout": "http://vtex.vtexassets.com/_v/public/typings/v1/vtex.flex-layout@0.20.0/public/@types/vtex.flex-layout",
      "vtex.locale-switcher": "http://vtex.vtexassets.com/_v/public/typings/v1/vtex.locale-switcher@0.5.6/public/@types/vtex.locale-switcher",
      "vtex.login": "http://vtex.vtexassets.com/_v/public/typings/v1/vtex.login@2.52.1/public/@types/vtex.login",
      "vtex.menu": "http://vtex.vtexassets.com/_v/public/typings/v1/vtex.menu@2.34.25/public/@types/vtex.menu",
      "vtex.minicart": "http://vtex.vtexassets.com/_v/public/typings/v1/vtex.minicart@2.63.5/public/@types/vtex.minicart",
      "vtex.modal-layout": "http://vtex.vtexassets.com/_v/public/typings/v1/vtex.modal-layout@0.13.0/public/@types/vtex.modal-layout",
      "vtex.my-account": "http://vtex.vtexassets.com/_v/public/typings/v1/vtex.my-account@1.25.0/public/@types/vtex.my-account",
      "vtex.order-items": "http://vtex.vtexassets.com/_v/public/typings/v1/vtex.order-items@0.13.21/public/@types/vtex.order-items",
      "vtex.order-placed": "http://vtex.vtexassets.com/_v/public/typings/v1/vtex.order-placed@2.16.0/public/@types/vtex.order-placed",
      "vtex.product-bookmark-interfaces": "http://vtex.vtexassets.com/_v/public/typings/v1/vtex.product-bookmark-interfaces@1.0.1/public/@types/vtex.product-bookmark-interfaces",
      "vtex.product-context": "http://vtex.vtexassets.com/_v/public/typings/v1/vtex.product-context@0.10.0/public/@types/vtex.product-context",
      "vtex.product-customizer": "http://vtex.vtexassets.com/_v/public/typings/v1/vtex.product-customizer@2.11.2/public/@types/vtex.product-customizer",
      "vtex.product-details": "http://vtex.vtexassets.com/_v/public/typings/v1/vtex.product-details@1.21.0/public/@types/vtex.product-details",
      "vtex.product-gifts": "http://vtex.vtexassets.com/_v/public/typings/v1/vtex.product-gifts@0.4.0/public/@types/vtex.product-gifts",
      "vtex.product-highlights": "http://vtex.vtexassets.com/_v/public/typings/v1/vtex.product-highlights@2.2.2/public/@types/vtex.product-highlights",
      "vtex.product-identifier": "http://vtex.vtexassets.com/_v/public/typings/v1/vtex.product-identifier@0.4.0/public/@types/vtex.product-identifier",
      "vtex.product-kit": "http://vtex.vtexassets.com/_v/public/typings/v1/vtex.product-kit@1.10.2/public/_types/react",
      "vtex.product-list": "http://vtex.vtexassets.com/_v/public/typings/v1/vtex.product-list@0.35.1/public/@types/vtex.product-list",
      "vtex.product-price": "http://vtex.vtexassets.com/_v/public/typings/v1/vtex.product-price@1.29.0/public/@types/vtex.product-price",
      "vtex.product-quantity": "http://vtex.vtexassets.com/_v/public/typings/v1/vtex.product-quantity@1.8.1/public/@types/vtex.product-quantity",
      "vtex.product-review-interfaces": "http://vtex.vtexassets.com/_v/public/typings/v1/vtex.product-review-interfaces@1.0.2/public/_types/react",
      "vtex.product-specification-badges": "http://vtex.vtexassets.com/_v/public/typings/v1/vtex.product-specification-badges@0.3.0/public/@types/vtex.product-specification-badges",
      "vtex.product-specifications": "http://vtex.vtexassets.com/_v/public/typings/v1/vtex.product-specifications@1.1.1/public/@types/vtex.product-specifications",
      "vtex.product-summary": "http://vtex.vtexassets.com/_v/public/typings/v1/vtex.product-summary@2.80.1/public/@types/vtex.product-summary",
      "vtex.render-runtime": "http://vtex.vtexassets.com/_v/public/typings/v1/vtex.render-runtime@8.132.4/public/@types/vtex.render-runtime",
      "vtex.responsive-layout": "http://vtex.vtexassets.com/_v/public/typings/v1/vtex.responsive-layout@0.1.2/public/@types/vtex.responsive-layout",
      "vtex.reviews-and-ratings": "http://vtex.vtexassets.com/_v/public/typings/v1/vtex.reviews-and-ratings@3.10.1/public/@types/vtex.reviews-and-ratings",
      "vtex.rich-text": "http://vtex.vtexassets.com/_v/public/typings/v1/vtex.rich-text@0.15.0/public/@types/vtex.rich-text",
      "vtex.search-result": "http://vtex.vtexassets.com/_v/public/typings/v1/vtex.search-result@3.118.14/public/@types/vtex.search-result",
      "vtex.shelf": "http://vtex.vtexassets.com/_v/public/typings/v1/vtex.shelf@1.47.2/public/@types/vtex.shelf",
      "vtex.slider": "http://vtex.vtexassets.com/_v/public/typings/v1/vtex.slider@0.8.3/public/@types/vtex.slider",
      "vtex.slider-layout": "http://vtex.vtexassets.com/_v/public/typings/v1/vtex.slider-layout@0.22.2/public/@types/vtex.slider-layout",
      "vtex.stack-layout": "http://vtex.vtexassets.com/_v/public/typings/v1/vtex.stack-layout@0.1.0/public/@types/vtex.stack-layout",
      "vtex.sticky-layout": "http://vtex.vtexassets.com/_v/public/typings/v1/vtex.sticky-layout@0.3.4/public/@types/vtex.sticky-layout",
      "vtex.store": "http://vtex.vtexassets.com/_v/public/typings/v1/vtex.store@2.127.0/public/@types/vtex.store",
      "vtex.store-components": "http://vtex.vtexassets.com/_v/public/typings/v1/vtex.store-components@3.162.0/public/@types/vtex.store-components",
      "vtex.store-drawer": "http://vtex.vtexassets.com/_v/public/typings/v1/vtex.store-drawer@0.16.2/public/@types/vtex.store-drawer",
      "vtex.store-footer": "http://vtex.vtexassets.com/_v/public/typings/v1/vtex.store-footer@2.25.0/public/@types/vtex.store-footer",
      "vtex.store-form": "http://vtex.vtexassets.com/_v/public/typings/v1/vtex.store-form@0.8.0/public/@types/vtex.store-form",
      "vtex.store-header": "http://vtex.vtexassets.com/_v/public/typings/v1/vtex.store-header@2.28.0/public/@types/vtex.store-header",
      "vtex.store-icons": "http://vtex.vtexassets.com/_v/public/typings/v1/vtex.store-icons@0.18.0/public/@types/vtex.store-icons",
      "vtex.store-image": "http://vtex.vtexassets.com/_v/public/typings/v1/vtex.store-image@0.14.2/public/@types/vtex.store-image",
      "vtex.store-link": "http://vtex.vtexassets.com/_v/public/typings/v1/vtex.store-link@0.8.1/public/@types/vtex.store-link",
      "vtex.store-video": "http://vtex.vtexassets.com/_v/public/typings/v1/vtex.store-video@1.4.3/public/@types/vtex.store-video",
      "vtex.styleguide": "http://vtex.vtexassets.com/_v/public/typings/v1/vtex.styleguide@9.146.1/public/@types/vtex.styleguide",
      "vtex.tab-layout": "http://vtex.vtexassets.com/_v/public/typings/v1/vtex.tab-layout@0.4.3/public/@types/vtex.tab-layout",
      "vtex.telemarketing": "http://vtex.vtexassets.com/_v/public/typings/v1/vtex.telemarketing@2.11.1/public/@types/vtex.telemarketing"
    }
  }

yarn manifest: 
  No manifest

Lockfile: 
  # THIS IS AN AUTOGENERATED FILE. DO NOT EDIT THIS FILE DIRECTLY.
  # yarn lockfile v1
  
  
  "@iconify/react@^3.2.2":
    version "3.2.2"
    resolved "https://registry.npmjs.org/@iconify/react/-/react-3.2.2.tgz"
    integrity sha512-z3+Jno3VcJzgNHsN5mEvYMsgCkOZkydqdIwOxjXh45+i2Vs9RGH68Y52vt39izwFSfuYUXhaW+1u7m7+IhCn/g==
  
  "@types/node@^18.6.4":
    version "18.6.4"
    resolved "https://registry.yarnpkg.com/@types/node/-/node-18.6.4.tgz#fd26723a8a3f8f46729812a7f9b4fc2d1608ed39"
    integrity sha512-I4BD3L+6AWiUobfxZ49DlU43gtI+FTHSv9pE2Zekg6KjMpre4ByusaljW3vYSLJrvQ1ck1hUaeVu8HVlY3vzHg==
  
  "@types/uuid@^8.3.0":
    version "8.3.4"
    resolved "https://registry.npmjs.org/@types/uuid/-/uuid-8.3.4.tgz"
    integrity sha512-c/I8ZRb51j+pYGAu5CrFMRxqZ2ke4y2grEBO5AUjgSkSk+qT2Ea+OdWElz/OiMf5MNpn2b17kuVBwZLQJXzihw==
  
  "@vtex/css-handles@^1.0.0":
    version "1.1.3"
    resolved "https://registry.npmjs.org/@vtex/css-handles/-/css-handles-1.1.3.tgz"
    integrity sha512-DkqnzMf5jW6lQ1L8wYb9fnXyh0FqZym8qEokGYjeLUqBLBAiVK8XbI4U0ezFswWTOJ3iHZUkUjqPt5WodxR29w==
  
  "@vtex/order-items@^0.6.6":
    version "0.6.6"
    resolved "https://registry.npmjs.org/@vtex/order-items/-/order-items-0.6.6.tgz"
    integrity sha512-lE5DS/z+EkXo58lxLoPa+AIxTg5Hm+mlE++3WqLOSHoNzpvN3DCl4Av1BND2TouQpJIFAa0r2xplh3iNLLIAuA==
    dependencies:
      "@types/uuid" "^8.3.0"
      "@vtex/order-manager" "^0.5.0"
      react "17.0.1"
      uuid "^8.3.2"
  
  "@vtex/order-manager@^0.5.0":
    version "0.5.2"
    resolved "https://registry.npmjs.org/@vtex/order-manager/-/order-manager-0.5.2.tgz"
    integrity sha512-pHGe1V7OOqW6gg2Kmjay8tTGRNICQhd6qSjaP69hSgYUxO/eWXVeeofidij65arJk8o41B6CdpS14ZItsBp4Yw==
    dependencies:
      react "17.0.1"
  
  "@vtex/tsconfig@^0.4.4":
    version "0.4.4"
    resolved "https://registry.yarnpkg.com/@vtex/tsconfig/-/tsconfig-0.4.4.tgz#03fd9a65aabe4820e57a9ef14a01fdda1fab26fd"
    integrity sha512-aja4GABSbOyAC02TBEHem9ONN01fmKJR70t1+PNCgHGrmSVaLcjjQ7HbU0hhoyp+q7MvRIZznM60tIlntTogNA==
  
  "atmosphere.scrat@https://adams5--atmosphere.myvtex.com/_v/private/typings/linked/v1/atmosphere.scrat@0.0.2+build1659975684/public/_types/react":
    version "0.0.0"
    resolved "https://adams5--atmosphere.myvtex.com/_v/private/typings/linked/v1/atmosphere.scrat@0.0.2+build1659975684/public/_types/react#fa7a0347e046eab3dd768998fc9252b2c0dd5aef"
  
  "atmosphere.tendencies@http://atmosphere.vtexassets.com/_v/public/typings/v1/atmosphere.tendencies@0.0.1/public/@types/atmosphere.tendencies":
    version "0.0.1"
    resolved "http://atmosphere.vtexassets.com/_v/public/typings/v1/atmosphere.tendencies@0.0.1/public/@types/atmosphere.tendencies#7bbbb91d80cd35a33443068024d0cf48810a900e"
  
  "js-tokens@^3.0.0 || ^4.0.0":
    version "4.0.0"
    resolved "https://registry.npmjs.org/js-tokens/-/js-tokens-4.0.0.tgz"
    integrity sha512-RdJUflcE3cUzKiMqQgsCu06FPu9UdIJO0beYbPhHN4k6apgJtifcoCtT9bcxOpYBtpD2kCM6Sbzg4CausW/PKQ==
  
  loose-envify@^1.1.0, loose-envify@^1.4.0:
    version "1.4.0"
    resolved "https://registry.npmjs.org/loose-envify/-/loose-envify-1.4.0.tgz"
    integrity sha512-lyuxPGr/Wfhrlem2CL/UcnUc1zcqKAImBDzukY7Y5F/yQiNdko6+fRLevlw1HgMySw7f611UIY408EtxRSoK3Q==
    dependencies:
      js-tokens "^3.0.0 || ^4.0.0"
  
  object-assign@^4.1.1:
    version "4.1.1"
    resolved "https://registry.npmjs.org/object-assign/-/object-assign-4.1.1.tgz"
    integrity sha512-rJgTQnkUnH1sFw8yT6VSU3zD3sWmu6sZhIseY8VX+GRu3P6F7Fu+JNDoXfklElbLJSnc3FUQHVe4cU5hj+BcUg==
  
  prop-types@^15.6.2:
    version "15.8.1"
    resolved "https://registry.npmjs.org/prop-types/-/prop-types-15.8.1.tgz"
    integrity sha512-oj87CgZICdulUohogVAR7AjlC0327U4el4L6eAvOqCeudMDVU0NThNaV+b9Df4dXgSP1gXMTnPdhfe/2qDH5cg==
    dependencies:
      loose-envify "^1.4.0"
      object-assign "^4.1.1"
      react-is "^16.13.1"
  
  react-is@^16.13.1:
    version "16.13.1"
    resolved "https://registry.npmjs.org/react-is/-/react-is-16.13.1.tgz"
    integrity sha512-24e6ynE2H+OKt4kqsOvNd8kBpV65zoxbA4BVsEOB3ARVWQki/DHzaUoC5KuON/BiccDaCCTZBuOcfZs70kR8bQ==
  
  react@17.0.1:
    version "17.0.1"
    resolved "https://registry.yarnpkg.com/react/-/react-17.0.1.tgz#6e0600416bd57574e3f86d92edba3d9008726127"
    integrity sha512-lG9c9UuMHdcAexXtigOZLX8exLWkW0Ku29qPRU8uhF2R9BN96dLCt0psvzPLlHc5OWkgymP3qwTRgbnw5BKx3w==
    dependencies:
      loose-envify "^1.1.0"
      object-assign "^4.1.1"
  
  react@^16.12.0:
    version "16.14.0"
    resolved "https://registry.npmjs.org/react/-/react-16.14.0.tgz"
    integrity sha512-0X2CImDkJGApiAlcf0ODKIneSwBPhqJawOa5wCtKbu7ZECrmS26NvtSILynQ66cgkT/RJ4LidJOc3bUESwmU8g==
    dependencies:
      loose-envify "^1.1.0"
      object-assign "^4.1.1"
      prop-types "^15.6.2"
  
  uuid@^8.3.2:
    version "8.3.2"
    resolved "https://registry.npmjs.org/uuid/-/uuid-8.3.2.tgz"
    integrity sha512-+NYs2QeMWy+GWFOEm9xnn6HCDp0l7QBD7ml8zLUmJ+93Q5NF0NocErnwkTkXVFNiX3/fpC6afS8Dhb/gz7R7eg==
  
  "vtex.add-to-cart-button@http://vtex.vtexassets.com/_v/public/typings/v1/vtex.add-to-cart-button@0.28.0/public/@types/vtex.add-to-cart-button":
    version "0.28.0"
    resolved "http://vtex.vtexassets.com/_v/public/typings/v1/vtex.add-to-cart-button@0.28.0/public/@types/vtex.add-to-cart-button#9d9b0ead453d431c1a5277077614735851526e61"
  
  "vtex.breadcrumb@http://vtex.vtexassets.com/_v/public/typings/v1/vtex.breadcrumb@1.9.4/public/@types/vtex.breadcrumb":
    version "1.9.4"
    resolved "http://vtex.vtexassets.com/_v/public/typings/v1/vtex.breadcrumb@1.9.4/public/@types/vtex.breadcrumb#624d6ddbd839bccd2b08e10f0f5f4a0509de834b"
  
  "vtex.carousel@http://vtex.vtexassets.com/_v/public/typings/v1/vtex.carousel@2.12.1/public/@types/vtex.carousel":
    version "2.12.1"
    resolved "http://vtex.vtexassets.com/_v/public/typings/v1/vtex.carousel@2.12.1/public/@types/vtex.carousel#f99139a9d22227fa239192a058defd13f8cc50be"
  
  "vtex.checkout-summary@http://vtex.vtexassets.com/_v/public/typings/v1/vtex.checkout-summary@0.21.0/public/@types/vtex.checkout-summary":
    version "0.21.0"
    resolved "http://vtex.vtexassets.com/_v/public/typings/v1/vtex.checkout-summary@0.21.0/public/@types/vtex.checkout-summary#9d73508dd858775d54dde039d5e53a04c1ec509d"
  
  "vtex.condition-layout@http://vtex.vtexassets.com/_v/public/typings/v1/vtex.condition-layout@2.6.0/public/@types/vtex.condition-layout":
    version "2.6.0"
    resolved "http://vtex.vtexassets.com/_v/public/typings/v1/vtex.condition-layout@2.6.0/public/@types/vtex.condition-layout#499861a211a200da6174e2355de934358f3f8339"
  
  "vtex.css-handles@http://vtex.vtexassets.com/_v/public/typings/v1/vtex.css-handles@1.0.0/public/@types/vtex.css-handles":
    version "1.0.0"
    resolved "http://vtex.vtexassets.com/_v/public/typings/v1/vtex.css-handles@1.0.0/public/@types/vtex.css-handles"
    integrity sha512-zJL6hjlnmY5IxLFO+cjjTYVIS4flXwMtYnQSen93psIXHEXwDp93P/67GKHTj6B7KHZylmzkxWR6aj9EnoktMA==
  
  "vtex.disclosure-layout@http://vtex.vtexassets.com/_v/public/typings/v1/vtex.disclosure-layout@1.0.3/public/@types/vtex.disclosure-layout":
    version "1.0.3"
    resolved "http://vtex.vtexassets.com/_v/public/typings/v1/vtex.disclosure-layout@1.0.3/public/@types/vtex.disclosure-layout#15590cd6a3f23e5a7591d76ad1a44b5c0c6a088a"
  
  "vtex.flex-layout@http://vtex.vtexassets.com/_v/public/typings/v1/vtex.flex-layout@0.20.0/public/@types/vtex.flex-layout":
    version "0.20.0"
    resolved "http://vtex.vtexassets.com/_v/public/typings/v1/vtex.flex-layout@0.20.0/public/@types/vtex.flex-layout#70a7b1b6dda96a6ae16b80e5c3e6b263e1f38631"
  
  "vtex.locale-switcher@http://vtex.vtexassets.com/_v/public/typings/v1/vtex.locale-switcher@0.5.6/public/@types/vtex.locale-switcher":
    version "0.5.6"
    resolved "http://vtex.vtexassets.com/_v/public/typings/v1/vtex.locale-switcher@0.5.6/public/@types/vtex.locale-switcher#5db8558af5593d65e4fff3da0903d0081dfcab42"
  
  "vtex.login@http://vtex.vtexassets.com/_v/public/typings/v1/vtex.login@2.52.1/public/@types/vtex.login":
    version "2.52.1"
    resolved "http://vtex.vtexassets.com/_v/public/typings/v1/vtex.login@2.52.1/public/@types/vtex.login#7e0e101089ff2172f6223be944d22597b6215b39"
  
  "vtex.menu@http://vtex.vtexassets.com/_v/public/typings/v1/vtex.menu@2.34.25/public/@types/vtex.menu":
    version "2.34.25"
    resolved "http://vtex.vtexassets.com/_v/public/typings/v1/vtex.menu@2.34.25/public/@types/vtex.menu#3f4c3aa3b5f8c396d1a630703862d354681ae5a2"
  
  "vtex.minicart@http://vtex.vtexassets.com/_v/public/typings/v1/vtex.minicart@2.63.5/public/@types/vtex.minicart":
    version "2.63.5"
    resolved "http://vtex.vtexassets.com/_v/public/typings/v1/vtex.minicart@2.63.5/public/@types/vtex.minicart#1a7763f5187241bd709beecd2a81ab5d96bd50be"
  
  "vtex.modal-layout@http://vtex.vtexassets.com/_v/public/typings/v1/vtex.modal-layout@0.13.0/public/@types/vtex.modal-layout":
    version "0.13.0"
    resolved "http://vtex.vtexassets.com/_v/public/typings/v1/vtex.modal-layout@0.13.0/public/@types/vtex.modal-layout#394972b7d8c7ecd9ea941785c39cd873fbe37fad"
  
  "vtex.my-account@http://vtex.vtexassets.com/_v/public/typings/v1/vtex.my-account@1.25.0/public/@types/vtex.my-account":
    version "1.25.0"
    resolved "http://vtex.vtexassets.com/_v/public/typings/v1/vtex.my-account@1.25.0/public/@types/vtex.my-account#3bc46389c0aa28f4e3e2e008fe3690f5901b1f2a"
  
  "vtex.order-items@http://vtex.vtexassets.com/_v/public/typings/v1/vtex.order-items@0.13.21/public/@types/vtex.order-items":
    version "0.13.21"
    resolved "http://vtex.vtexassets.com/_v/public/typings/v1/vtex.order-items@0.13.21/public/@types/vtex.order-items#b88b2d267bc1b2877cae92e657b3934d4f01a960"
  
  "vtex.order-placed@http://vtex.vtexassets.com/_v/public/typings/v1/vtex.order-placed@2.16.0/public/@types/vtex.order-placed":
    version "2.16.0"
    resolved "http://vtex.vtexassets.com/_v/public/typings/v1/vtex.order-placed@2.16.0/public/@types/vtex.order-placed#c8b407e53409bb8d915934d3d74f73264746713b"
  
  "vtex.product-bookmark-interfaces@http://vtex.vtexassets.com/_v/public/typings/v1/vtex.product-bookmark-interfaces@1.0.1/public/@types/vtex.product-bookmark-interfaces":
    version "1.0.1"
    resolved "http://vtex.vtexassets.com/_v/public/typings/v1/vtex.product-bookmark-interfaces@1.0.1/public/@types/vtex.product-bookmark-interfaces#2c26815e4afa45b2e254a23e5abb356424bb09e7"
  
  "vtex.product-context@http://vtex.vtexassets.com/_v/public/typings/v1/vtex.product-context@0.10.0/public/@types/vtex.product-context":
    version "0.10.0"
    resolved "http://vtex.vtexassets.com/_v/public/typings/v1/vtex.product-context@0.10.0/public/@types/vtex.product-context"
    integrity sha512-wib/8sXnd5mYRaYxL0NlCTAbyhq02VQLzhHPjW3ixA5uJn8+7TGTloBMpW2g0Pz3Avj/Y1Z98NDFSWz+nUKM6w==
  
  "vtex.product-customizer@http://vtex.vtexassets.com/_v/public/typings/v1/vtex.product-customizer@2.11.2/public/@types/vtex.product-customizer":
    version "2.11.2"
    resolved "http://vtex.vtexassets.com/_v/public/typings/v1/vtex.product-customizer@2.11.2/public/@types/vtex.product-customizer#d3bb0f7c49be9bd2553fb38ce206a20a8869f5c6"
  
  "vtex.product-details@http://vtex.vtexassets.com/_v/public/typings/v1/vtex.product-details@1.21.0/public/@types/vtex.product-details":
    version "1.21.0"
    resolved "http://vtex.vtexassets.com/_v/public/typings/v1/vtex.product-details@1.21.0/public/@types/vtex.product-details#e1c86843e16576ea6b7140546c88783af3f48ac1"
  
  "vtex.product-gifts@http://vtex.vtexassets.com/_v/public/typings/v1/vtex.product-gifts@0.4.0/public/@types/vtex.product-gifts":
    version "0.4.0"
    resolved "http://vtex.vtexassets.com/_v/public/typings/v1/vtex.product-gifts@0.4.0/public/@types/vtex.product-gifts#72da495c439e513a91ba22e4e34cc026caf2b11f"
  
  "vtex.product-highlights@http://vtex.vtexassets.com/_v/public/typings/v1/vtex.product-highlights@2.2.2/public/@types/vtex.product-highlights":
    version "2.2.2"
    resolved "http://vtex.vtexassets.com/_v/public/typings/v1/vtex.product-highlights@2.2.2/public/@types/vtex.product-highlights#2f9f8854c8ab52b585eb2fd52dcd262e5e451e8f"
  
  "vtex.product-identifier@http://vtex.vtexassets.com/_v/public/typings/v1/vtex.product-identifier@0.4.0/public/@types/vtex.product-identifier":
    version "0.4.0"
    resolved "http://vtex.vtexassets.com/_v/public/typings/v1/vtex.product-identifier@0.4.0/public/@types/vtex.product-identifier#ad8ae45d5816e5424f5156c4a2d4ee98c84a1f6d"
  
  "vtex.product-kit@http://vtex.vtexassets.com/_v/public/typings/v1/vtex.product-kit@1.10.2/public/_types/react":
    version "0.0.0"
    resolved "http://vtex.vtexassets.com/_v/public/typings/v1/vtex.product-kit@1.10.2/public/_types/react#fa7a0347e046eab3dd768998fc9252b2c0dd5aef"
  
  "vtex.product-list@http://vtex.vtexassets.com/_v/public/typings/v1/vtex.product-list@0.35.1/public/@types/vtex.product-list":
    version "0.35.1"
    resolved "http://vtex.vtexassets.com/_v/public/typings/v1/vtex.product-list@0.35.1/public/@types/vtex.product-list#1f7363bbde3bce1a0f58b2f9bdad8c632aac496d"
  
  "vtex.product-price@http://vtex.vtexassets.com/_v/public/typings/v1/vtex.product-price@1.29.0/public/@types/vtex.product-price":
    version "1.29.0"
    resolved "http://vtex.vtexassets.com/_v/public/typings/v1/vtex.product-price@1.29.0/public/@types/vtex.product-price#5c16a7700bc23b03ad1af685dac22bda36b1cd53"
  
  "vtex.product-quantity@http://vtex.vtexassets.com/_v/public/typings/v1/vtex.product-quantity@1.8.1/public/@types/vtex.product-quantity":
    version "1.8.1"
    resolved "http://vtex.vtexassets.com/_v/public/typings/v1/vtex.product-quantity@1.8.1/public/@types/vtex.product-quantity#170c9cfb981d41dc99f1977467eebaac28f1945d"
  
  "vtex.product-review-interfaces@http://vtex.vtexassets.com/_v/public/typings/v1/vtex.product-review-interfaces@1.0.2/public/_types/react":
    version "1.0.2"
    resolved "http://vtex.vtexassets.com/_v/public/typings/v1/vtex.product-review-interfaces@1.0.2/public/_types/react#84d1997cdae079d1401611f3d4a4619ed914673f"
  
  "vtex.product-specification-badges@http://vtex.vtexassets.com/_v/public/typings/v1/vtex.product-specification-badges@0.3.0/public/@types/vtex.product-specification-badges":
    version "0.3.0"
    resolved "http://vtex.vtexassets.com/_v/public/typings/v1/vtex.product-specification-badges@0.3.0/public/@types/vtex.product-specification-badges#2df6b189acfabf642504df02d7b8ad406ee90c07"
  
  "vtex.product-specifications@http://vtex.vtexassets.com/_v/public/typings/v1/vtex.product-specifications@1.1.1/public/@types/vtex.product-specifications":
    version "1.1.1"
    resolved "http://vtex.vtexassets.com/_v/public/typings/v1/vtex.product-specifications@1.1.1/public/@types/vtex.product-specifications#f680211515fcab9f5498804df9402369ef2dabb8"
  
  "vtex.product-summary@http://vtex.vtexassets.com/_v/public/typings/v1/vtex.product-summary@2.80.1/public/@types/vtex.product-summary":
    version "2.80.1"
    resolved "http://vtex.vtexassets.com/_v/public/typings/v1/vtex.product-summary@2.80.1/public/@types/vtex.product-summary#1210c99a487010c96c987033056e81437dcb289a"
  
  "vtex.render-runtime@http://vtex.vtexassets.com/_v/public/typings/v1/vtex.render-runtime@8.132.4/public/@types/vtex.render-runtime":
    version "8.132.4"
    resolved "http://vtex.vtexassets.com/_v/public/typings/v1/vtex.render-runtime@8.132.4/public/@types/vtex.render-runtime#66bb41bd4d342e37c9d85172aad5f7eefebfb6dc"
  
  "vtex.responsive-layout@http://vtex.vtexassets.com/_v/public/typings/v1/vtex.responsive-layout@0.1.2/public/@types/vtex.responsive-layout":
    version "0.1.2"
    resolved "http://vtex.vtexassets.com/_v/public/typings/v1/vtex.responsive-layout@0.1.2/public/@types/vtex.responsive-layout#e33f23a78afb3ffb8ff8aedc77b1ca6728583e72"
  
  "vtex.reviews-and-ratings@http://vtex.vtexassets.com/_v/public/typings/v1/vtex.reviews-and-ratings@3.10.1/public/@types/vtex.reviews-and-ratings":
    version "3.10.1"
    resolved "http://vtex.vtexassets.com/_v/public/typings/v1/vtex.reviews-and-ratings@3.10.1/public/@types/vtex.reviews-and-ratings#158022e7fcb281d7c435ab1c1ff770681b8f03af"
  
  "vtex.rich-text@http://vtex.vtexassets.com/_v/public/typings/v1/vtex.rich-text@0.15.0/public/@types/vtex.rich-text":
    version "0.15.0"
    resolved "http://vtex.vtexassets.com/_v/public/typings/v1/vtex.rich-text@0.15.0/public/@types/vtex.rich-text#f23416cea64e72531069e58f1b137dfdb5b4b510"
  
  "vtex.search-result@http://vtex.vtexassets.com/_v/public/typings/v1/vtex.search-result@3.118.14/public/@types/vtex.search-result":
    version "3.118.14"
    resolved "http://vtex.vtexassets.com/_v/public/typings/v1/vtex.search-result@3.118.14/public/@types/vtex.search-result#6804ec3f3d57b9f576a5f9faf46eff770402a967"
  
  "vtex.shelf@http://vtex.vtexassets.com/_v/public/typings/v1/vtex.shelf@1.47.2/public/@types/vtex.shelf":
    version "1.47.2"
    resolved "http://vtex.vtexassets.com/_v/public/typings/v1/vtex.shelf@1.47.2/public/@types/vtex.shelf#9b61c9584703c48d5fa0b7db12d13fe12e0a247c"
  
  "vtex.slider-layout@http://vtex.vtexassets.com/_v/public/typings/v1/vtex.slider-layout@0.22.2/public/@types/vtex.slider-layout":
    version "0.22.2"
    resolved "http://vtex.vtexassets.com/_v/public/typings/v1/vtex.slider-layout@0.22.2/public/@types/vtex.slider-layout"
    integrity sha512-31xgy7mWhkLUKogDxJ+hdgjZACEUd1kA2aG2fTH/l0ZpUQbANIdFZB3B5HiqirJmzG3ZoZGN19gKvJWxz/x0gw==
  
  "vtex.slider@http://vtex.vtexassets.com/_v/public/typings/v1/vtex.slider@0.8.3/public/@types/vtex.slider":
    version "0.8.3"
    resolved "http://vtex.vtexassets.com/_v/public/typings/v1/vtex.slider@0.8.3/public/@types/vtex.slider#9b7be08012a5d3ec41fdc651235a964cb5f7db85"
  
  "vtex.stack-layout@http://vtex.vtexassets.com/_v/public/typings/v1/vtex.stack-layout@0.1.0/public/@types/vtex.stack-layout":
    version "0.1.0"
    resolved "http://vtex.vtexassets.com/_v/public/typings/v1/vtex.stack-layout@0.1.0/public/@types/vtex.stack-layout#79bcd9f70b4b6926b85686be14879a3b90d52c63"
  
  "vtex.sticky-layout@http://vtex.vtexassets.com/_v/public/typings/v1/vtex.sticky-layout@0.3.4/public/@types/vtex.sticky-layout":
    version "0.3.4"
    resolved "http://vtex.vtexassets.com/_v/public/typings/v1/vtex.sticky-layout@0.3.4/public/@types/vtex.sticky-layout#5b786d6f9ab0a40e4997c955a75885eee32515ef"
  
  "vtex.store-components@http://vtex.vtexassets.com/_v/public/typings/v1/vtex.store-components@3.162.0/public/@types/vtex.store-components":
    version "3.162.0"
    resolved "http://vtex.vtexassets.com/_v/public/typings/v1/vtex.store-components@3.162.0/public/@types/vtex.store-components#c3e4fac4893627ab0f2fc3ad88d697c3ab7bf6c8"
  
  "vtex.store-drawer@http://vtex.vtexassets.com/_v/public/typings/v1/vtex.store-drawer@0.16.2/public/@types/vtex.store-drawer":
    version "0.16.2"
    resolved "http://vtex.vtexassets.com/_v/public/typings/v1/vtex.store-drawer@0.16.2/public/@types/vtex.store-drawer#3e3a0e07babcf623922f1eb0c85185bcd12b8002"
  
  "vtex.store-footer@http://vtex.vtexassets.com/_v/public/typings/v1/vtex.store-footer@2.25.0/public/@types/vtex.store-footer":
    version "2.25.0"
    resolved "http://vtex.vtexassets.com/_v/public/typings/v1/vtex.store-footer@2.25.0/public/@types/vtex.store-footer#8a6c11f53c281793609b03b205f5f7cadac70b4f"
  
  "vtex.store-form@http://vtex.vtexassets.com/_v/public/typings/v1/vtex.store-form@0.8.0/public/@types/vtex.store-form":
    version "0.8.0"
    resolved "http://vtex.vtexassets.com/_v/public/typings/v1/vtex.store-form@0.8.0/public/@types/vtex.store-form#6124f0aac0fd9160ec51a16301cc53576a1291d9"
  
  "vtex.store-header@http://vtex.vtexassets.com/_v/public/typings/v1/vtex.store-header@2.28.0/public/@types/vtex.store-header":
    version "2.28.0"
    resolved "http://vtex.vtexassets.com/_v/public/typings/v1/vtex.store-header@2.28.0/public/@types/vtex.store-header#4aa32ed928e0a3ff6b6d4bd35bc3f1641988c1a8"
  
  "vtex.store-icons@http://vtex.vtexassets.com/_v/public/typings/v1/vtex.store-icons@0.18.0/public/@types/vtex.store-icons":
    version "0.18.0"
    resolved "http://vtex.vtexassets.com/_v/public/typings/v1/vtex.store-icons@0.18.0/public/@types/vtex.store-icons#0ee94d549aa283ce3a13ab987c13eac4fdfd1bba"
  
  "vtex.store-image@http://vtex.vtexassets.com/_v/public/typings/v1/vtex.store-image@0.14.2/public/@types/vtex.store-image":
    version "0.14.2"
    resolved "http://vtex.vtexassets.com/_v/public/typings/v1/vtex.store-image@0.14.2/public/@types/vtex.store-image#8110d7fe7a27c8e08cab98f52426ca239be38694"
  
  "vtex.store-link@http://vtex.vtexassets.com/_v/public/typings/v1/vtex.store-link@0.8.1/public/@types/vtex.store-link":
    version "0.8.1"
    resolved "http://vtex.vtexassets.com/_v/public/typings/v1/vtex.store-link@0.8.1/public/@types/vtex.store-link#a69c5217b1f121e286fdc6b2d4ee66d8198db0f0"
  
  "vtex.store-video@http://vtex.vtexassets.com/_v/public/typings/v1/vtex.store-video@1.4.3/public/@types/vtex.store-video":
    version "1.4.3"
    resolved "http://vtex.vtexassets.com/_v/public/typings/v1/vtex.store-video@1.4.3/public/@types/vtex.store-video#39c9ebc2b1d0edbf3310226b6d93bc1c09091856"
  
  "vtex.store@http://vtex.vtexassets.com/_v/public/typings/v1/vtex.store@2.127.0/public/@types/vtex.store":
    version "2.127.0"
    resolved "http://vtex.vtexassets.com/_v/public/typings/v1/vtex.store@2.127.0/public/@types/vtex.store#d78eafaef1ea6f4e87cbc7adc869bff44e437329"
  
  "vtex.styleguide@http://vtex.vtexassets.com/_v/public/typings/v1/vtex.styleguide@9.146.1/public/@types/vtex.styleguide":
    version "9.146.1"
    resolved "http://vtex.vtexassets.com/_v/public/typings/v1/vtex.styleguide@9.146.1/public/@types/vtex.styleguide#66db40ca1b78ad77ce4beedabecee320e1ef2ead"
  
  "vtex.tab-layout@http://vtex.vtexassets.com/_v/public/typings/v1/vtex.tab-layout@0.4.3/public/@types/vtex.tab-layout":
    version "0.4.3"
    resolved "http://vtex.vtexassets.com/_v/public/typings/v1/vtex.tab-layout@0.4.3/public/@types/vtex.tab-layout#579ee7ffabb55ce7ed271b0af1015f41c49b7f30"
  
  "vtex.telemarketing@http://vtex.vtexassets.com/_v/public/typings/v1/vtex.telemarketing@2.11.1/public/@types/vtex.telemarketing":
    version "2.11.1"
    resolved "http://vtex.vtexassets.com/_v/public/typings/v1/vtex.telemarketing@2.11.1/public/@types/vtex.telemarketing#747a47bc888fce4032b384338dfc45c1f3e538ce"
